make --dry-run --always-make --keep-going --print-directory
make: Entering directory `/Users/bboulhan/Desktop/ll'
gcc  -Wall -Wextra -Werror -o minishell.o -c minishell.c
gcc  -Wall -Wextra -Werror -o ft_split.o -c ft_split.c
gcc  -Wall -Wextra -Werror -o utils.o -c utils.c
cc  -Wall -Wextra -Werror minishell.o ft_split.o utils.o -I minishell.h -o minishell -L/usr/local/lib -I/usr/local/include -lreadline
echo "_______oBBBBB8o______oBBBBBBB "
echo "_____o8BBBBBBBBBBB__BBBBBBBBB8________o88o "
echo "___o8BBBBBB**8BBBB__BBBBBBBBBB_____oBBBBBBBo, "
echo "__oBBBBBBB*___***___BBBBBBBBBB_____BBBBBBBBBBo,  "
echo "_8BBBBBBBBBBooooo___*BBBBBBB8______*BB*_8BBBBBBo,  "
echo "_8BBBBBBBBBBBBBBBB8ooBBBBBBB8___________8BBBBBBB8, "
echo "__*BBBBBBBBBBBBBBBBBBBBBBBBBB8_o88BB88BBBBBBBBBBBB,  "
echo "____*BBBBBBBBBBBBBBBBBBBBBBBBBBBBBBBBBBBBBBBBBBBB8,  "
echo "______**8BBBBBBBBBBBBBBBBBBBBBBBBBBBBBBBBBBBBBBB*,  "
echo "___________*BBBBBBBBBBBBBBBBBBBBBBBBBBBBBBBBB8*,  "
echo "____________*BBBBBBBBBBBBBBBBBBBBBBBB8888**,  "
echo "_____________BBBBBBBBBBBBBBBBBBBBBBB*,  "
echo "_____________*BBBBBBBBBBBBBBBBBBBBB*,  "
echo "______________*BBBBBBBBBBBBBBBBBB8, "
echo "_______________*BBBBBBBBBBBBBBBB*,  "
echo "________________8BBBBBBBBBBBBBBB8,  "
echo "_________________8BBBBBBBBBBBBBBBo,  "
echo "__________________BBBBBBBBBBBBBBB8,  "
echo "__________________BBBBBBBBBBBBBBBB,  "
echo "__________________8BBBBBBBBBBBBBBB8,  "
echo "__________________*BBBBBBBBBBBBBBBB,  "
echo "__________________8BBBBBBBBBBBBBBBB8, "
echo "_________________oBBBBBBBBBBBBBBBBBB,  "
echo "________________oBBBBBBBBBBBBBBBBBBB,  "
echo "________________BBBBBBBBBBBBBBBBBBBB,  "
echo "_______________8BBBBBBBBBBBBBBBBBBB8,  "
echo "______________oBBBBBBBBB88BBBBBBBBB8,  "
echo "______________8BBBBBBBBB*8BBBBBBBBB*,  "
echo "______________BBBBBBBBB*_BBBBBBBBB8,  "
echo "______________BBBBBBBB8_oBBBBBBBBB*,  "
echo "______________8BBBBBBB__oBBBBBBBB*,  "
echo "______________BBBBBBB*__8BBBBBBB*,  "
echo "_____________8BBBBBB*___BBBBBBB*,  "
echo "____________8BBBBBB8___oBBBBBB8,  "
echo "___________8BBBBBB8____8BBBBBB  "
echo "__________oBBBBBB8____BBBBBBB8,  "
echo "__________BBBBBBB8___BBBBBBBB,  "
echo "_________oBBBBBBB8___BBBBBBBB,  "
echo "_________8BBBBBB8____BBBBBBB,  "
echo "_________BBBBBB*_____8BBBBB*,  "
echo "________oBBBB8_______BBBBB,  "
echo "________oBBB8________BBBB,  "
echo "______8BBBB*_______*BBBBBBBB8o,  "
echo "______BBBBB*____________*88BBBo,  "
echo "SUUUUUUUUIIIIIII"
make: Leaving directory `/Users/bboulhan/Desktop/ll'
 
